2019-09-17 1.1026 ------
2019-09-16 1.1031 -------
2019-09-13 1.1096 ---------------------
2019-09-12 1.0963 
2019-09-11 1.1003 -
2019-09-10 1.1040 ---------
2019-09-09 1.1033 -------
2019-09-06 1.1027 ------
2019-09-05 1.1058 -------------
2019-09-04 1.1018 ----
2019-09-03 1.0937 
2019-09-02 1.0968 
2019-08-30 1.1036 --------
2019-08-29 1.1072 ----------------
2019-08-28 1.1083 ------------------
2019-08-27 1.1104 -----------------------
2019-08-26 1.1116 --------------------------
2019-08-23 1.1065 --------------
2019-08-22 1.1083 ------------------
2019-08-21 1.1104 -----------------------
2019-08-20 1.1076 -----------------
23.1939 of 6386.71270000003 total in 5373 values (0.8252 min, 1.20 avg, 1.5990 max)
