barcat -f'([.0-9]+)(?=,m)' t1320-earthquakes.in
time,latitude,longitude,depth,mag,magType,nst,gap,dmin,rms,net,id,updated,place,type,horizontalError,depthError,magError,magNst,status,locationSource,magSource
2019-09-23T13:32:01.060Z,36.0413322,-120.2453308,13.57,2.48,md,26,131,0.1773,0.12,nc,nc73278290,2019-09-23T14:03:45.416Z,"11km WNW of Avenal, CA",earthquake,0.53,1.66,0.23,16,automatic,nc,nc                                               
2019-09-23T13:16:57.170Z,36.0901667,-117.8598333,5.57,1.33,ml,18,89,0.02765,0.13,ci,ci38853575,2019-09-23T13:20:31.134Z,"9km ENE of Coso Junction, CA",earthquake,0.3,0.49,0.274,14,automatic,ci,ci                                          
2019-09-23T13:13:25.900Z,36.0896683,-117.8626633,4.75,1.16,ml,12,93,0.02856,0.16,ci,ci38853559,2019-09-23T13:16:54.114Z,"9km ENE of Coso Junction, CA",earthquake,0.45,0.9,0.269,8,automatic,ci,ci                                           
2019-09-23T13:12:50.570Z,19.3145008,-155.2528381,5.98,   2,ml,45,89,0.04248,0.14,hv,hv71156092,2019-09-23T13:18:33.340Z,"12km S of Volcano, Hawaii",earthquake,0.33,0.62,0.2,5,automatic,hv,hv                                               
2019-09-23T13:10:18.624Z,65.4032,-153.4363,0, 1.5,ml,,,,0.72,ak,ak019c84r4tt,2019-09-23T13:23:05.146Z,"68km WNW of Tanana, Alaska",earthquake,,0.5,,,automatic,ak,ak                                                                         
2019-09-23T13:09:06.532Z,61.6211,-146.3765,34.9, 1.5,ml,,,,0.75,ak,ak019c84qw5x,2019-09-23T13:15:23.017Z,"54km N of Valdez, Alaska",earthquake,,0.3,,,automatic,ak,ak                                                                        
2019-09-23T13:03:39.630Z,35.9151649,-117.6768341,8.14,1.17,ml,17,75,0.03909,0.12,ci,ci38853543,2019-09-23T13:07:25.053Z,"21km E of Little Lake, CA",earthquake,0.33,0.76,0.361,3,automatic,ci,ci                                             
2019-09-23T12:58:35.340Z,36.0861667,-117.8545,5.17,1.08,ml,12,133,0.03135,0.11,ci,ci38853535,2019-09-23T13:02:19.019Z,"10km ENE of Coso Junction, CA",earthquake,0.32,0.49,0.226,15,automatic,ci,ci                                          
2019-09-23T12:47:15.010Z,19.184166,-155.4511719,33.15,2.29,md,36,208,0.0734,0.12,hv,hv71156057,2019-09-23T12:50:29.460Z,"3km SE of Pahala, Hawaii",earthquake,0.75,0.93,0.29,3,automatic,hv,hv                                               
2019-09-23T12:44:43.840Z,35.8748333,-117.7013333,6.63,1.22,ml,17,77,0.08383,0.1,ci,ci38853519,2019-09-23T12:48:27.928Z,"20km ESE of Little Lake, CA",earthquake,0.21,0.47,0.153,15,automatic,ci,ci                                           
2019-09-23T12:43:39.920Z,35.7725,-117.5881667,1.7,1.02,ml,14,111,0.1481,0.24,ci,ci38853511,2019-09-23T12:47:22.952Z,"17km W of Searles Valley, CA",earthquake,0.4,0.85,0.099,11,automatic,ci,ci                                              
2019-09-23T12:30:30.200Z,36.0881667,-117.8525,5.85,1.14,ml,14,130,0.02941,0.17,ci,ci38853495,2019-09-23T12:34:11.829Z,"10km ENE of Coso Junction, CA",earthquake,0.45,0.68,0.326,17,automatic,ci,ci                                          
2019-09-23T12:12:37.500Z,36.0853333,-117.8561667,5.77, 1.4,ml,16,53,0.0322,0.15,ci,ci38853471,2019-09-23T12:49:40.974Z,"9km ENE of Coso Junction, CA",earthquake,0.33,0.58,0.189,20,reviewed,ci,ci                                           
2019-09-23T12:10:03.870Z,36.0906667,-117.8595,5.23, 1.6,ml,18,89,0.02712,0.15,ci,ci38853447,2019-09-23T12:13:49.691Z,"10km ENE of Coso Junction, CA",earthquake,0.37,0.61,0.25,23,automatic,ci,ci                                            
2019-09-23T12:05:02.680Z,38.8154984,-122.7616653,1.9,0.98,md,17,61,0.01608,0.03,nc,nc73278260,2019-09-23T12:50:02.614Z,"3km WSW of Cobb, CA",earthquake,0.22,0.45,0.07,5,automatic,nc,nc                                                     
2019-09-23T11:55:39.370Z,35.9596667,-117.3755,1.72,1.58,ml,21,71,0.1015,0.18,ci,ci38853431,2019-09-23T12:50:20.065Z,"22km N of Searles Valley, CA",earthquake,0.36,0.51,0.169,18,reviewed,ci,ci                                              
2019-09-23T11:55:38.950Z,44.6131667,-110.3138333,4.57,1.58,ml,16,94,0.07804,0.11,uu,uu60342797,2019-09-23T13:12:22.600Z,"44km ENE of Old Faithful Geyser, Wyoming",earthquake,0.3,0.49,0.16,5,reviewed,uu,uu                                 
2019-09-23T11:39:23.870Z,33.2243333,-116.7451667,9.17,2.41,ml,88,21,0.01627,0.22,ci,ci38853415,2019-09-23T11:50:23.990Z,"3km SE of Lake Henshaw, CA",earthquake,0.2,0.48,0.153,26,automatic,ci,ci                                            
2019-09-23T11:35:50.000Z,38.3387,-115.8165,14.5, 2.7,ml,21,115.04,0.184,0.31,nn,nn00705002,2019-09-23T13:25:59.040Z,"51km ENE of Warm Springs, Nevada",earthquake,,1.2,,,automatic,nn,nn                                                     
2019-09-23T11:34:25.110Z,36.0875,-117.8563333,6.22,1.48,ml,18,54,0.03004,0.11,ci,ci38853399,2019-09-23T12:50:24.137Z,"10km ENE of Coso Junction, CA",earthquake,0.26,0.42,0.255,20,reviewed,ci,ci                                            
2019-09-23T11:32:19.370Z,35.2714996,-120.8593369,5.21,1.58,md,9,194,0.02903,0.12,nc,nc73278250,2019-09-23T12:07:02.351Z,"6km SSW of Baywood-Los Osos, CA",earthquake,1.09,0.45,0.35,7,automatic,nc,nc                                        
2019-09-23T11:31:16.953Z,55.2835,109.8511,10, 4.4,mb,,120,7.63,0.63,us,us60005m61,2019-09-23T12:53:46.040Z,"52km SE of Severobaykal'sk, Russia",earthquake,14.7,1.9,0.126,18,reviewed,us,us                                                  
2019-09-23T11:25:51.978Z,57.0763,-153.8206,34, 2.3,ml,,,,0.48,ak,ak019c83njx9,2019-09-23T12:03:00.040Z,"52km S of Larsen Bay, Alaska",earthquake,,0.3,,,automatic,ak,ak                                                                      
2019-09-23T11:09:57.148Z,60.9253,-150.8859,39.4, 1.8,ml,,,,0.38,ak,ak019c83k4v6,2019-09-23T11:14:19.416Z,"34km NE of Nikiski, Alaska",earthquake,,2.3,,,automatic,ak,ak                                                                      
2019-09-23T11:01:17.100Z,35.6771667,-117.5598333,2.49,1.84,ml,32,50,0.05552,0.16,ci,ci38853367,2019-09-23T11:12:13.670Z,"12km ENE of Ridgecrest, CA",earthquake,0.22,0.43,0.111,26,automatic,ci,ci                                           
2019-09-23T10:53:37.740Z,36.042,-117.8625,1.68,1.02,ml,11,81,0.04099,0.18,ci,ci38853359,2019-09-23T10:57:09.234Z,"8km E of Coso Junction, CA",earthquake,0.42,0.52,0.185,15,automatic,ci,ci                                                  
2019-09-23T10:52:06.660Z,35.657,-117.4536667,6.53, 1.4,ml,26,45,0.02573,0.21,ci,ci38853351,2019-09-23T12:51:48.590Z,"13km SSW of Searles Valley, CA",earthquake,0.33,0.68,0.233,17,reviewed,ci,ci                                            
2019-09-23T10:39:02.210Z,35.67,-117.4751667,6,1.01,ml,17,97,0.0422,0.19,ci,ci38853335,2019-09-23T10:42:48.610Z,"13km SSW of Searles Valley, CA",earthquake,0.38,0.88,0.114,9,automatic,ci,ci                                                 
2019-09-23T10:17:34.664Z,36.00635147,-97.89324951,1.95148313,1.84,ml,27,55.18618774,0.2171918005,0.6783649274,ok,ok2019sqyr,2019-09-23T10:21:07.698Z,"11km S of Hennessey, Oklahoma",earthquake,2.228881275,2.038898207,,20,automatic,ok,ok  
2019-09-23T10:15:29.530Z,19.1163,-67.0861,8,2.92,md,11,291,0.6493,0.5,pr,pr2019266009,2019-09-23T12:18:27.650Z,"68km N of Isabela, Puerto Rico",earthquake,4.13,6.16,0.3,9,reviewed,pr,pr                                                    
2019-09-23T10:06:26.360Z,19.2024994,-155.4134979,34.11,2.09,md,45,159,0.03796,0.12,hv,hv71155857,2019-09-23T10:09:37.580Z,"7km E of Pahala, Hawaii",earthquake,0.63,0.75,0.32,3,automatic,hv,hv                                              
2019-09-23T10:03:09.930Z,36.0895,-117.8565,5.82, 1.1,ml,16,83,0.02805,0.12,ci,ci38853303,2019-09-23T12:50:49.140Z,"10km ENE of Coso Junction, CA",earthquake,0.31,0.47,0.202,16,reviewed,ci,ci                                               
2019-09-23T10:01:01.020Z,18.335,-66.4263,18,1.31,md,4,139,0.1756,0.33,pr,pr2019266008,2019-09-23T12:18:04.986Z,"0km SSE of Franquez, Puerto Rico",earthquake,1.03,1.3,0.49,3,reviewed,pr,pr                                                  
2019-09-23T09:46:25.550Z,33.3016667,-116.2066667,2.77,2.22,ml,78,28,0.1157,0.22,ci,ci38853279,2019-09-23T12:51:53.850Z,"16km ENE of Borrego Springs, CA",earthquake,0.19,0.71,0.146,26,reviewed,ci,ci                                        
2019-09-23T09:34:15.150Z,35.6041667,-117.4766667,6.13,1.42,ml,26,60,0.01382,0.22,ci,ci38853271,2019-09-23T09:45:29.240Z,"18km E of Ridgecrest, CA",earthquake,0.34,0.57,0.199,15,automatic,ci,ci                                             
2019-09-23T09:23:51.990Z,40.5203323,-124.3320007,32, 2.2,md,7,285,0.1913,0.15,nc,nc73278225,2019-09-23T10:16:03.457Z,"8km SW of Ferndale, CA",earthquake,6.61,8.11,0.03,3,automatic,nc,nc                                                    
2019-09-23T09:05:40.590Z,18.0588,-66.4726,7,1.58,md,6,242,0.1078,0.27,pr,pr2019266007,2019-09-23T12:17:41.497Z,"2km NNW of Rio Canas Abajo, Puerto Rico",earthquake,2.09,1.11,0.09,4,reviewed,pr,pr                                          
2019-09-23T08:54:22.607Z,11.0555,138.6312,10, 5.2,mb,,53,6.594,0.81,us,us60005m5b,2019-09-23T09:14:19.040Z,"166km NNE of Rumung, Micronesia",earthquake,9.3,1.8,0.033,302,reviewed,us,us                                                     
2019-09-23T08:37:37.570Z,35.6305,-117.4318333,4.67,1.04,ml,18,99,0.03518,0.15,ci,ci38853239,2019-09-23T12:51:57.227Z,"15km S of Searles Valley, CA",earthquake,0.3,0.41,0.191,9,reviewed,ci,ci                                               
2019-09-23T08:36:09.810Z,36.0975,-117.8963333,4.26,1.16,ml,11,135,0.03911,0.16,ci,ci38853231,2019-09-23T08:39:47.836Z,"8km NE of Coso Junction, CA",earthquake,0.47,0.49,0.159,17,automatic,ci,ci                                            
2019-09-23T08:26:36.330Z,35.0718333,-119.0633333,-0.17,1.73,ml,22,73,0.1808,0.3,ci,ci38853215,2019-09-23T08:30:29.122Z,"19km NW of Grapevine, CA",earthquake,0.52,31.61,0.132,28,automatic,ci,ci                                             
2019-09-23T08:24:39.314Z,-36.0408,-73.7934,10, 5.3,mww,,71,0.857,0.83,us,us60005m4u,2019-09-23T11:22:52.674Z,"96km NW of Talcahuano, Chile",earthquake,4.9,1.9,0.063,24,reviewed,us,us                                                       
2019-09-23T08:23:00.720Z,39.5583333,-111.1658333,1.99,1.22,ml,15,69,0.08684,0.26,uu,uu60342777,2019-09-23T13:20:07.120Z,"24km E of Mount Pleasant, Utah",earthquake,0.59,11.02,0.129,3,reviewed,uu,uu                                        
2019-09-23T08:09:14.790Z,18.1433,-65.6528,69,2.19,md,4,323,0.39,0.48,pr,pr2019266006,2019-09-23T12:17:17.802Z,"9km SSE of Daguao, Puerto Rico",earthquake,11.41,6.45,0.34,3,reviewed,pr,pr                                                   
2019-09-23T08:05:27.430Z,18.6656,-65.0251,64,2.72,md,4,336,1.1888,0.32,pr,pr2019266005,2019-09-23T12:16:48.586Z,"37km NNW of Charlotte Amalie, U.S. Virgin Islands",earthquake,8.92,18.86,0.44,4,reviewed,pr,pr                              
2019-09-23T08:02:38.910Z,38.8113327,-122.8215027,2.83,1.06,md,26,52,0.006482,0.04,nc,nc73278210,2019-09-23T09:33:05.222Z,"7km NW of The Geysers, CA",earthquake,0.21,0.44,0.16,5,automatic,nc,nc                                             
2019-09-23T08:00:41.530Z,33.6403333,-117.229,0.54,1.07,ml,22,89,0.1124,0.38,ci,ci38853183,2019-09-23T08:05:02.687Z,"7km NE of Wildomar, CA",earthquake,0.62,31.61,0.209,25,automatic,ci,ci                                                   
2019-09-23T08:00:40.760Z,33.9868333,-116.6668333,15.39,1.39,ml,56,43,0.05389,0.19,ci,ci38853175,2019-09-23T12:53:01.680Z,"10km SW of Morongo Valley, CA",earthquake,0.2,0.52,0.124,26,reviewed,ci,ci                                         
2019-09-23T07:52:29.234Z,36.76691437,-98.07202911,2.072645903, 2.1,ml,33,103.5074134,0.1020627394,0.9068598811,ok,ok2019sqtv,2019-09-23T07:55:10.786Z,"25km E of Cherokee, Oklahoma",earthquake,2.115257345,1.669269681,,24,automatic,ok,ok  
2019-09-23T07:39:59.320Z,33.2218323,-116.7088318,13.69,1.32,ml,11,89,0.04416,0.12,ci,ci38853159,2019-09-23T07:42:09.731Z,"6km ESE of Lake Henshaw, CA",earthquake,1.09,0.92,0.257,8,automatic,ci,ci                                          
2019-09-23T07:33:34.156Z,36.76663971,-98.06232452,1.303792834,   3,ml,74,96.18289542,0.09446813166,0.6138213486,ok,ok2019sqth,2019-09-23T09:20:53.229Z,"25km E of Cherokee, Oklahoma",earthquake,1.591014132,1.142564028,,55,automatic,ok,ok 
2019-09-23T07:21:44.990Z,32.6598333,-115.6766667,4.59,1.49,ml,22,97,0.04323,0.24,ci,ci38853143,2019-09-23T07:25:40.832Z,"12km NW of Progreso, B.C., MX",earthquake,0.58,0.89,0.215,24,automatic,ci,ci                                        
2019-09-23T07:12:59.029Z,34.7142,-109.441,5, 3.1,ml,,115,0.458,0.46,us,us60005m48,2019-09-23T08:12:28.040Z,"24km NNW of Saint Johns, Arizona",earthquake,2,1.9,0.035,110,reviewed,us,us                                                      
2019-09-23T07:10:37.160Z,35.8961667,-118.3198333,2.71,1.61,ml,21,68,0.2023,0.17,ci,ci38853127,2019-09-23T12:59:56.271Z,"18km NNE of Kernville, CA",earthquake,0.31,1.38,0.22,26,reviewed,ci,ci                                               
2019-09-23T07:09:53.030Z,32.1845,-117.4153333,23.01,1.85,ml,6,323,0.6796,0.09,ci,ci38853119,2019-09-23T07:13:42.755Z,"40km WSW of Rosarito, B.C., MX",earthquake,6.38,7.08,0.223,11,automatic,ci,ci                                          
2019-09-23T07:09:03.519Z,35.9905,27.284,10, 4.4,mb,,60,0.453,0.79,us,us60005m47,2019-09-23T12:30:04.040Z,"54km N of Karpathos, Greece",earthquake,4.2,1.9,0.109,24,reviewed,us,us                                                            
2019-09-23T06:47:30.960Z,35.0516667,-119.0718333,0,1.78,ml,17,130,0.169,0.29,ci,ci38853095,2019-09-23T06:51:33.123Z,"18km NW of Grapevine, CA",earthquake,0.74,31.61,0.112,27,automatic,ci,ci                                                
2019-09-23T06:47:21.140Z,36.0866667,-117.8541667,5.67,1.26,ml,16,80,0.03085,0.13,ci,ci38853087,2019-09-23T12:59:19.969Z,"10km ENE of Coso Junction, CA",earthquake,0.34,0.54,0.241,17,reviewed,ci,ci                                         
2019-09-23T06:12:32.270Z,35.3541667,-117.8261667,6.79,1.11,ml,14,96,0.08803,0.18,ci,ci38853063,2019-09-23T12:59:38.396Z,"18km W of Johannesburg, CA",earthquake,0.36,0.9,0.112,18,reviewed,ci,ci                                             
2019-09-23T06:05:47.220Z,36.0876667,-117.8596667,5.3,1.68,ml,26,55,0.0301,0.17,ci,ci38853047,2019-09-23T13:00:15.370Z,"9km ENE of Coso Junction, CA",earthquake,0.28,0.58,0.288,23,reviewed,ci,ci                                            
2019-09-23T05:56:47.450Z,34.9458333,-116.7551667,1.4,1.61,ml,19,49,0.1656,0.24,ci,ci38853031,2019-09-23T06:55:47.633Z,"25km ENE of Barstow, CA",earthquake,0.4,1.28,0.159,26,automatic,ci,ci                                                 
2019-09-23T05:39:00.140Z,35.9118333,-117.7295,3.13,1.53,ml,25,54,0.07361,0.18,ci,ci38853015,2019-09-23T05:42:53.017Z,"16km E of Little Lake, CA",earthquake,0.24,0.97,0.156,21,automatic,ci,ci                                               
2019-09-23T05:37:43.470Z,34.1411667,-116.7116667,1.46,1.13,ml,29,77,0.1152,0.22,ci,ci38853007,2019-09-23T05:41:23.005Z,"16km NW of Morongo Valley, CA",earthquake,0.28,0.52,0.158,28,automatic,ci,ci                                         
2019-09-23T05:21:09.320Z,35.6746667,-117.5261667,6.84,0.96,ml,19,92,0.06309,0.17,ci,ci38852967,2019-09-23T05:24:56.770Z,"15km ENE of Ridgecrest, CA",earthquake,0.31,0.73,0.113,10,automatic,ci,ci                                           
2019-09-23T05:17:11.820Z,35.3585,-117.9101667,3.67, 1.2,ml,20,65,0.105,0.17,ci,ci38852951,2019-09-23T13:01:22.277Z,"25km W of Johannesburg, CA",earthquake,0.25,1.15,0.228,26,reviewed,ci,ci                                                 
2019-09-23T05:16:14.380Z,35.6491667,-117.475,5.15,1.26,ml,20,70,0.04472,0.21,ci,ci38852943,2019-09-23T13:01:37.277Z,"15km SSW of Searles Valley, CA",earthquake,0.35,0.53,0.204,13,reviewed,ci,ci                                            
2019-09-23T05:15:50.420Z,39.9753333,-111.905,4.19,2.49,ml,19,81,0.1152,0.18,uu,uu60342747,2019-09-23T14:01:06.523Z,"5km WSW of Genola, Utah",earthquake,0.59,2.62,0.088,15,reviewed,uu,uu                                                    
2019-09-23T05:14:06.610Z,36.0895,-117.8538333,5.33,1.02,ml,12,133,0.02803,0.2,ci,ci38852927,2019-09-23T05:17:50.114Z,"10km ENE of Coso Junction, CA",earthquake,0.58,0.97,0.278,13,automatic,ci,ci                                           
2019-09-23T05:13:07.310Z,36.0903333,-117.858,6,1.32,ml,13,139,0.02731,0.09,ci,ci38852919,2019-09-23T05:16:48.180Z,"10km ENE of Coso Junction, CA",earthquake,0.27,0.39,0.376,16,automatic,ci,ci                                              
2019-09-23T05:12:12.670Z,36.0946655,-117.8610001,4.41, 1.1,ml,10,191,0.0234,0.06,ci,ci38852911,2019-09-23T05:15:49.847Z,"10km NE of Coso Junction, CA",earthquake,0.73,0.85,0.09,7,automatic,ci,ci                                           
2019-09-23T05:07:46.170Z,35.637,-117.6003333,8.04,1.48,ml,25,66,0.02949,0.18,ci,ci38852895,2019-09-23T13:03:24.240Z,"7km ENE of Ridgecrest, CA",earthquake,0.26,0.88,0.124,23,reviewed,ci,ci                                                 
2019-09-23T05:06:48.430Z,36.0715,-117.8188333,0.13,0.99,ml,12,77,0.05446,0.14,ci,ci38852887,2019-09-23T05:10:27.162Z,"12km ENE of Coso Junction, CA",earthquake,0.33,0.63,0.185,9,automatic,ci,ci                                            
2019-09-23T05:05:45.200Z,36.0961667,-117.8678333,3,1.19,ml,14,161,0.02381,0.11,ci,ci38852879,2019-09-23T05:09:28.809Z,"9km NE of Coso Junction, CA",earthquake,0.39,0.46,0.256,14,automatic,ci,ci                                            
2019-09-23T05:04:39.046Z,60.3901,-151.1432,18.6, 1.7,ml,,,,0.49,ak,ak019c7zyf9c,2019-09-23T05:07:03.911Z,"8km ESE of Kalifornsky, Alaska",earthquake,,0.4,,,automatic,ak,ak                                                                  
2019-09-23T05:02:35.940Z,36.0931664,-117.8668365,3.5,3.39,ml,52,53,0.02622,0.19,ci,ci38852871,2019-09-23T13:02:35.034Z,"9km NE of Coso Junction, CA",earthquake,0.2,0.41,0.309,18,reviewed,ci,ci                                             
2019-09-23T05:01:01.630Z,35.6226667,-117.4451667,6.47,1.04,ml,16,82,0.03867,0.17,ci,ci38852863,2019-09-23T13:03:11.284Z,"16km SSW of Searles Valley, CA",earthquake,0.38,0.55,0.176,8,reviewed,ci,ci                                         
2019-09-23T05:00:48.410Z,38.3783,-115.8645,0.9, 1.1,ml,6,237.86,0.173,0.18,nn,nn00704979,2019-09-23T05:04:09.005Z,"48km ENE of Warm Springs, Nevada",earthquake,,12,,,automatic,nn,nn                                                        
2019-09-23T04:57:58.220Z,35.6678333,-117.485,6.44,1.77,ml,32,57,0.05,0.16,ci,ci38852847,2019-09-23T13:04:28.070Z,"13km SSW of Searles Valley, CA",earthquake,0.25,0.56,0.145,26,reviewed,ci,ci                                               
2019-09-23T04:47:01.960Z,35.6055,-117.409,3.08,2.24,ml,36,54,0.04732,0.19,ci,ci38852831,2019-09-23T04:57:58.790Z,"18km S of Trona, CA",earthquake,0.24,0.31,0.157,26,automatic,ci,ci                                                         
2019-09-23T04:37:09.300Z,35.690834,-121.0743332,4.27,1.76,md,18,148,0.09155,0.05,nc,nc73278125,2019-09-23T05:35:02.461Z,"12km ENE of San Simeon, CA",earthquake,0.87,2.22,0.25,7,automatic,nc,nc                                             
2019-09-23T04:21:03.640Z,34.1403333,-116.7126667,1.28,   2,ml,65,32,0.1149,0.19,ci,ci38852823,2019-09-23T04:36:53.470Z,"16km NW of Morongo Valley, CA",earthquake,0.19,0.52,0.15,27,automatic,ci,ci                                          
2019-09-23T04:03:17.810Z,18.5543,-66.7661,14,2.42,md,10,214,0.208,0.16,pr,pr2019266004,2019-09-23T07:35:06.548Z,"8km NNE of Carrizales, Puerto Rico",earthquake,0.65,0.96,0.15,7,reviewed,pr,pr                                              
2019-09-23T03:55:13.380Z,39.5703316,-123.3365021,4.61,1.94,md,12,157,0.1012,0.07,nc,nc73278105,2019-09-23T04:54:03.262Z,"15km NNE of Brooktrails, CA",earthquake,0.43,1.34,0.09,9,automatic,nc,nc                                            
2019-09-23T03:55:03.020Z,37.7095,-77.6506667,7.59,2.51,md,10,83,0.3114,0.11,se,se60089923,2019-09-23T14:08:49.742Z,"1km WNW of Wyndham, Virginia",earthquake,0.28,0.78,0.184,17,reviewed,se,se                                               
2019-09-23T03:49:44.670Z,35.658,-117.5276667,10.29,1.35,ml,23,81,0.04926,0.18,ci,ci38852759,2019-09-23T13:05:33.560Z,"14km ENE of Ridgecrest, CA",earthquake,0.31,0.57,0.185,17,reviewed,ci,ci                                               
2019-09-23T03:20:13.650Z,35.6318333,-117.4446667,7.81,1.52,ml,27,81,0.03735,0.19,ci,ci38852743,2019-09-23T13:05:06.296Z,"16km SSW of Searles Valley, CA",earthquake,0.29,0.5,0.167,22,reviewed,ci,ci                                         
2019-09-23T03:09:14.438Z,66.3694,-149.8111,6, 1.2,ml,,,,0.82,ak,ak019c7yskqe,2019-09-23T03:17:04.112Z,"100km S of Coldfoot, Alaska",earthquake,,0.3,,,automatic,ak,ak                                                                        
2019-09-23T03:01:05.950Z,35.6433333,-117.4238333,8.82,1.43,ml,25,115,0.02174,0.2,ci,ci38852719,2019-09-23T03:11:39.260Z,"14km S of Searles Valley, CA",earthquake,0.39,0.59,0.153,15,automatic,ci,ci                                         
2019-09-23T02:52:18.670Z,35.93,-117.7141667,2.75,1.21,ml,18,48,0.05476,0.11,ci,ci38852711,2019-09-23T13:05:38.530Z,"17km E of Little Lake, CA",earthquake,0.16,0.26,0.143,15,reviewed,ci,ci                                                  
2019-09-23T02:45:03.500Z,19.4395008,-155.6073303,-0.75,1.94,md,29,98,0.01301,0.27,hv,hv71155602,2019-09-23T02:48:11.110Z,"27km E of Honaunau-Napoopoo, Hawaii",earthquake,0.57,0.77,0.13,8,automatic,hv,hv                                   
2019-09-23T02:44:52.210Z,35.9630013,-117.3478317,1.88,1.27,ml,12,175,0.08894,0.18,ci,ci38852695,2019-09-23T02:48:53.919Z,"22km N of Trona, CA",earthquake,0.79,1.5,0.191,4,automatic,ci,ci                                                   
2019-09-23T02:44:33.700Z,35.6411667,-117.463,5.68,1.06,ml,26,55,0.03996,0.22,ci,ci38852687,2019-09-23T13:06:41.870Z,"15km SSW of Searles Valley, CA",earthquake,0.35,0.69,0.166,13,reviewed,ci,ci                                            
2019-09-23T02:31:16.260Z,36.0958333,-117.789,5.8,1.69,ml,20,109,0.05758,0.18,ci,ci38852663,2019-09-23T13:06:45.230Z,"15km ENE of Coso Junction, CA",earthquake,0.41,0.72,0.218,23,reviewed,ci,ci                                             
2019-09-23T02:27:16.900Z,36.06,-117.5238333,3.07,1.11,ml,17,63,0.02829,0.15,ci,ci38852655,2019-09-23T13:06:48.480Z,"34km NNW of Searles Valley, CA",earthquake,0.37,0.6,0.187,10,reviewed,ci,ci                                              
2019-09-23T02:26:45.425Z,61.5284,-151.9693,6.8, 1.2,ml,,,,0.47,ak,ak019c7yauoq,2019-09-23T03:01:50.814Z,"100km NNW of Nikiski, Alaska",earthquake,,0.2,,,reviewed,ak,ak                                                                      
2019-09-23T02:19:06.250Z,36.1953333,-117.8968333,0.92,2.19,ml,25,59,0.0847,0.21,ci,ci38852647,2019-09-23T13:06:51.390Z,"14km SE of Olancha, CA",earthquake,0.37,0.7,0.122,26,reviewed,ci,ci                                                  
2019-09-23T02:12:09.160Z,33.3123333,-115.701,2.19,1.62,ml,41,71,0.1037,0.27,ci,ci38852631,2019-09-23T02:15:59.675Z,"5km SE of Bombay Beach, CA",earthquake,0.34,1.01,0.164,28,automatic,ci,ci                                                
2019-09-23T01:52:11.840Z,35.9448333,-117.376,2.46,1.83,ml,25,69,0.09247,0.19,ci,ci38852607,2019-09-23T13:06:55.170Z,"20km N of Searles Valley, CA",earthquake,0.33,0.75,0.155,25,reviewed,ci,ci                                              
2019-09-23T01:49:24.330Z,35.8506667,-117.6828333,5.66,1.43,ml,24,58,0.07881,0.18,ci,ci38852591,2019-09-23T13:06:59.310Z,"22km ESE of Little Lake, CA",earthquake,0.28,0.98,0.156,20,reviewed,ci,ci                                           
2019-09-23T01:41:13.157Z,64.9961,-148.753,10.7,   1,ml,,,,0.43,ak,ak019c7xskc3,2019-09-23T01:47:47.136Z,"38km WNW of Ester, Alaska",earthquake,,0.3,,,automatic,ak,ak                                                                        
2019-09-23T01:24:43.870Z,33.2501667,-116.315,8.89,0.96,ml,29,64,0.07682,0.26,ci,ci38852583,2019-09-23T01:28:26.293Z,"6km E of Borrego Springs, CA",earthquake,0.43,1.07,0.204,29,automatic,ci,ci                                             
2019-09-23T01:17:27.860Z,33.0613333,-117.6063333,20.97,1.35,ml,15,238,0.3297,0.19,ci,ci38852575,2019-09-23T01:20:57.305Z,"26km WSW of Carlsbad, CA",earthquake,1.61,3.64,0.179,19,automatic,ci,ci                                            
2019-09-23T01:14:15.050Z,38.8081665,-122.814003,1.8,2.08,md,43,50,0.01188,0.07,nc,nc73278045,2019-09-23T02:09:04.963Z,"6km NW of The Geysers, CA",earthquake,0.17,0.24,0.17,19,automatic,nc,nc                                               
2019-09-23T01:10:00.980Z,18.5435,-66.6968,81,2.76,md,13,211,0.205,0.21,pr,pr2019266003,2019-09-23T05:54:29.735Z,"8km NNE of Arecibo, Puerto Rico",earthquake,1.31,0.84,0.25,13,reviewed,pr,pr                                                
2019-09-23T01:02:24.940Z,35.945,-117.6723333,2.09,1.17,ml,14,92,0.01805,0.1,ci,ci38852551,2019-09-23T01:06:02.196Z,"21km E of Little Lake, CA",earthquake,0.25,0.24,0.092,15,automatic,ci,ci                                                 
2019-09-23T01:02:02.760Z,18.1476,-67.2693,23,2.06,md,8,188,0.1856,0.32,pr,pr2019266002,2019-09-23T05:54:15.743Z,"11km NW of Puerto Real, Puerto Rico",earthquake,1.07,2.28,0.26,6,reviewed,pr,pr                                             
2019-09-23T00:55:45.400Z,18.9205,-67.8746,117,3.29,md,19,181,0.8877,0.48,pr,pr2019266000,2019-09-23T02:19:09.040Z,"75km NE of Punta Cana, Dominican Republic",earthquake,3.3,2.49,0.33,18,reviewed,pr,pr                                     
2019-09-23T00:49:15.510Z,35.8226667,-117.662,9.92,0.99,ml,17,97,0.08479,0.21,ci,ci38852535,2019-09-23T00:52:57.368Z,"22km N of Ridgecrest, CA",earthquake,0.42,1.34,0.266,10,automatic,ci,ci                                                 
2019-09-23T00:48:15.940Z,33.3061667,-115.6858333,3.33,1.12,ml,23,79,0.06101,0.28,ci,ci38852527,2019-09-23T00:52:00.122Z,"7km SE of Bombay Beach, CA",earthquake,0.47,0.76,0.207,19,automatic,ci,ci                                           
2019-09-23T00:36:23.394Z,35.92140198,-98.54975891,5,1.52,ml,10,82.26483154,0.2000331581,0.2716961806,ok,ok2019sqfn,2019-09-23T00:38:12.490Z,"14km NW of Watonga, Oklahoma",earthquake,,0,,6,automatic,ok,ok                                  
2019-09-23T00:26:08.080Z,35.9475,-117.3721667,2.52,1.68,ml,24,66,0.09157,0.18,ci,ci38852511,2019-09-23T13:07:59.317Z,"20km N of Searles Valley, CA",earthquake,0.32,0.73,0.155,26,reviewed,ci,ci                                             
2019-09-23T00:04:18.090Z,32.8023333,-116.1348333,5.98,1.45,ml,35,71,0.0334,0.29,ci,ci38852495,2019-09-23T00:15:36.180Z,"15km WNW of Ocotillo, CA",earthquake,0.43,1.05,0.222,28,automatic,ci,ci                                              
2019-09-23T00:03:13.070Z,17.9163,-65.8951,12,1.47,md,5,331,0.1628,0.05,pr,pr2019266001,2019-09-23T05:54:02.870Z,"9km S of Emajagua, Puerto Rico",earthquake,0.92,0.53,0.38,5,reviewed,pr,pr                                                  
2019-09-23T00:01:59.840Z,44.3841667,-114.1155,7.03,1.95,ml,7,98,0.514,0.18,mb,mb80362009,2019-09-23T02:47:59.020Z,"16km SE of Challis, Idaho",earthquake,0.7,1.94,0.15,6,reviewed,mb,mb                                                      
2019-09-23T00:01:01.999Z,61.0946,-150.5887,38.1, 1.2,ml,,,,0.33,ak,ak019c7wyj87,2019-09-23T00:05:37.743Z,"39km WSW of Anchorage, Alaska",earthquake,,1.2,,,automatic,ak,ak                                                                   
2019-09-22T23:50:52.510Z,19.1975002,-155.4496613,35.14,1.86,md,34,220,0.04349,0.1,hv,hv71155412,2019-09-22T23:54:12.630Z,"3km ESE of Pahala, Hawaii",earthquake,0.61,0.91,0.19,7,automatic,hv,hv                                             
2019-09-22T23:43:25.750Z,35.6516685,-117.4509964,2.15,2.17,ml,46,58,0.06566,0.14,ci,ci38852479,2019-09-22T23:54:29.130Z,"14km SSW of Searles Valley, CA",earthquake,0.18,0.41,0.242,26,automatic,ci,ci                                       
2019-09-22T23:11:09.864Z,64.9428,-147.3707,0, 1.1,ml,,,,1.45,ak,ak019c6n6bda,2019-09-22T23:15:19.275Z,"17km NNE of Badger, Alaska",earthquake,,1.2,,,automatic,ak,ak                                                                         
2019-09-22T23:08:01.680Z,35.9068333,-117.6943333,2.25,1.24,ml,16,64,0.05433,0.15,ci,ci38852471,2019-09-22T23:11:50.783Z,"19km E of Little Lake, CA",earthquake,0.24,0.31,0.158,16,automatic,ci,ci                                            
2019-09-22T23:06:39.460Z,36.0938333,-117.8853333,3.16,1.16,ml,12,168,0.03421,0.24,ci,ci38852463,2019-09-22T23:10:19.484Z,"8km NE of Coso Junction, CA",earthquake,0.67,0.97,0.159,17,automatic,ci,ci                                         
2019-09-22T23:01:49.090Z,38.8390007,-122.8293304,1.53,1.64,md,6,134,0.004826,0.01,nc,nc73278015,2019-09-22T23:59:01.952Z,"9km NW of The Geysers, CA",earthquake,0.62,0.7,0.92,2,automatic,nc,nc                                              
2019-09-22T22:54:38.970Z,36.2213333,-117.8971667,1.97,0.99,ml,11,222,0.1091,0.11,ci,ci38852455,2019-09-22T22:58:19.412Z,"12km SE of Olancha, CA",earthquake,0.53,0.39,0.173,8,automatic,ci,ci                                                
2019-09-22T22:45:21.050Z,35.8139992,-117.6380005,5.36,0.99,ml,15,66,0.1033,0.1,ci,ci38852447,2019-09-22T22:49:00.353Z,"22km N of Ridgecrest, CA",earthquake,0.3,1.58,0.179,4,automatic,ci,ci                                                 
2019-09-22T22:32:24.886Z,-6.8755,102.6096,10, 5.1,mb,,124,2.522,0.88,us,us60005m1i,2019-09-22T23:22:17.040Z,"232km SW of Biha, Indonesia",earthquake,8.7,1.9,0.076,56,reviewed,us,us                                                         
2019-09-22T22:22:35.546Z,2.8459,122.4327,528.05, 4.2,mb,,76,2.385,0.39,us,us60005m1e,2019-09-22T23:48:36.040Z,"217km NNE of Kali, Indonesia",earthquake,6.6,13.9,0.147,13,reviewed,us,us                                                     
2019-09-22T22:12:31.770Z,18.6719,-103.8229,35, 4.6,mb,,220,2.638,0.77,us,us60005m18,2019-09-23T02:35:44.376Z,"16km WSW of Coahuayana, Mexico",earthquake,10.8,2,0.03,326,reviewed,us,us                                                      
2019-09-22T22:00:32.962Z,63.0897,-148.738,65.5, 1.3,ml,,,,0.73,ak,ak019c6mikps,2019-09-22T22:03:26.334Z,"35km SSE of Cantwell, Alaska",earthquake,,0.5,,,automatic,ak,ak                                                                     
2019-09-22T21:45:23.090Z,19.225666,-155.3845062,31.19,1.83,md,40,158,0.01701,0.11,hv,hv71155227,2019-09-22T21:48:41.960Z,"10km ENE of Pahala, Hawaii",earthquake,0.57,0.72,0.01,4,automatic,hv,hv                                            
2019-09-22T21:19:35.680Z,35.0496667,-117.4595,2.58,1.23,ml,12,101,0.1371,0.13,ci,ci38852351,2019-09-23T13:10:04.331Z,"18km ENE of Boron, CA",earthquake,0.3,1.1,0.276,18,reviewed,ci,ci                                                      
2019-09-22T20:57:46.408Z,65.6401,-145.2763,7.3, 1.4,ml,,,,0.51,ak,ak019c6lnycw,2019-09-22T21:00:34.971Z,"33km NW of Circle Hot Springs Station, Alaska",earthquake,,0.5,,,automatic,ak,ak                                                    
2019-09-22T20:24:36.206Z,60.0404,-152.9456,110.8, 1.7,ml,,,,0.47,ak,ak019c6lguya,2019-09-22T20:30:49.317Z,"50km SSW of Redoubt Volcano, Alaska",earthquake,,0.4,,,automatic,ak,ak                                                            
2019-09-22T20:22:32.910Z,35.9646667,-117.3725,2.74,1.14,ml,18,72,0.1032,0.12,ci,ci38852311,2019-09-22T20:26:13.425Z,"22km N of Searles Valley, CA",earthquake,0.31,1.1,0.136,10,automatic,ci,ci                                              
2019-09-22T20:08:41.965Z,41.5098,19.6156,10, 4.5,mb,,47,0.956,1.22,us,us60005m0j,2019-09-23T10:55:42.555Z,"9km WNW of Fushe-Kruje, Albania",earthquake,6.3,2,0.384,2,reviewed,us,us                                                          
2019-09-22T20:07:27.430Z,18.1745,-66.1325,77,2.34,md,13,126,0.0677,0.15,pr,pr2019265009,2019-09-22T22:50:53.722Z,"2km W of Bayamon, Puerto Rico",earthquake,1.51,0.97,0.37,11,reviewed,pr,pr                                                 
2019-09-22T20:01:23.552Z,35.90645218,-98.52437592,0.881957531,3.05,ml,72,33.69415283,0.1906955689,0.7556014176,ok,ok2019spwl,2019-09-23T01:07:53.981Z,"11km NW of Watonga, Oklahoma",earthquake,1.477336384,1.281887134,,54,automatic,ok,ok  
2019-09-22T19:56:56.670Z,35.8936667,-117.9536667,5.51,0.97,ml,5,206,0.1753,0.15,ci,ci38852279,2019-09-22T20:00:36.294Z,"6km SW of Little Lake, CA",earthquake,1.06,31.61,0.385,6,automatic,ci,ci                                             
2019-09-22T19:54:33.840Z,35.975,-117.3485,3.62,1.57,ml,23,105,0.09916,0.23,ci,ci38852271,2019-09-23T13:10:50.335Z,"24km N of Trona, CA",earthquake,0.44,1.18,0.119,19,reviewed,ci,ci                                                         
2019-09-22T19:51:22.767Z,61.3362,-150.024,22.6, 2.2,ml,,,,0.63,ak,ak019c6l16oj,2019-09-22T20:03:43.259Z,"14km NNW of Anchorage, Alaska",earthquake,,0.3,,,automatic,ak,ak                                                                    
2019-09-22T19:42:54.610Z,36.9638333,-113.5201667,6.37,2.33,ml,14,135,0.2263,0.2,uu,uu60342682,2019-09-23T13:55:35.780Z,"16km SSE of Saint George, Utah",earthquake,0.79,1.43,0.22,6,reviewed,uu,uu                                           
2019-09-22T19:42:27.570Z,35.7213333,-117.5705,7.01,1.02,ml,19,108,0.09908,0.18,ci,ci38852255,2019-09-22T19:46:11.673Z,"15km NE of Ridgecrest, CA",earthquake,0.31,1.04,0.127,10,automatic,ci,ci                                              
2019-09-22T19:31:35.480Z,38.8224983,-122.7959976,2.89,1.04,md,19,51,0.01103,0.03,nc,nc73277905,2019-09-22T20:48:02.772Z,"6km NW of The Geysers, CA",earthquake,0.27,0.53,0.08,5,automatic,nc,nc                                              
2019-09-22T19:29:30.893Z,66.7663,-147.1442,7.9, 1.4,ml,,,,0.7,ak,ak019c6kwhib,2019-09-22T19:33:34.354Z,"85km WNW of Fort Yukon, Alaska",earthquake,,0.3,,,automatic,ak,ak                                                                    
2019-09-22T19:24:32.030Z,63.8273,-152.9006,0, 1.3,ml,,,,0.78,ak,ak019c6kvf0j,2019-09-22T19:36:15.252Z,"155km SSW of Tanana, Alaska",earthquake,,0.6,,,automatic,ak,ak                                                                        
2019-09-22T19:08:00.393Z,60.9289,-147.5905,38.8, 1.4,ml,,,,0.72,ak,ak019c6krx6f,2019-09-22T19:20:30.497Z,"61km ENE of Whittier, Alaska",earthquake,,1.4,,,automatic,ak,ak                                                                    
2019-09-22T19:01:05.660Z,37.2975,-115.1915,0.8, 1.3,ml,19,187.95,0.134,0.3,nn,nn00704927,2019-09-22T19:44:39.935Z,"7km SSW of Alamo, Nevada",earthquake,,21.5,,,automatic,nn,nn                                                              
2019-09-22T18:36:03.827Z,66.99,-158.3047,5.4, 1.1,ml,,,,1.11,ak,ak019c6kchtr,2019-09-22T18:40:02.534Z,"62km W of Kobuk, Alaska",earthquake,,0.6,,,automatic,ak,ak                                                                            
2019-09-22T18:34:32.910Z,33.824,-116.9926667,10.88,1.39,ml,46,59,0.1158,0.23,ci,ci38852191,2019-09-23T13:14:06.310Z,"6km NW of San Jacinto, CA",earthquake,0.26,0.54,0.153,27,reviewed,ci,ci                                                 
2019-09-22T17:59:06.550Z,35.3536667,-117.8875,-0.11,1.03,ml,16,90,0.09256,0.22,ci,ci38852143,2019-09-23T13:14:28.597Z,"23km W of Johannesburg, CA",earthquake,0.38,31.61,0.138,15,reviewed,ci,ci                                             
2019-09-22T17:56:08.500Z,18.2816,-68.7748,132,2.87,md,7,240,1.6877,0.14,pr,pr2019265008,2019-09-22T20:55:11.581Z,"19km SSW of San Rafael del Yuma, Dominican Republic",earthquake,3.62,1.1,0.46,3,reviewed,pr,pr                             
2019-09-22T17:51:44.150Z,35.795,-117.6261667,2.99,1.66,ml,29,56,0.1136,0.16,ci,ci38852127,2019-09-23T13:15:11.760Z,"20km NNE of Ridgecrest, CA",earthquake,0.22,1.13,0.149,26,reviewed,ci,ci                                                 
2019-09-22T17:49:12.292Z,62.1687,-149.7509,36, 2.4,ml,,,,0.62,ak,ak019c6jtv5w,2019-09-22T17:53:43.556Z,"5km E of Y, Alaska",earthquake,,1.8,,,automatic,ak,ak                                                                                
2019-09-22T17:39:44.190Z,35.8776667,-117.6898333,6.57,1.96,ml,29,45,0.07706,0.2,ci,ci38852119,2019-09-22T17:43:35.426Z,"21km ESE of Little Lake, CA",earthquake,0.28,0.73,0.203,26,automatic,ci,ci                                           
2019-09-22T17:27:49.022Z,39.5535,-119.0701,6.5, 1.2,ml,3,330.58,0.289,0.1041,nn,nn00704925,2019-09-23T02:07:00.848Z,"16km ESE of Fernley, Nevada",earthquake,,9.7,0.22,2,reviewed,nn,nn                                                      
2019-09-22T17:19:12.097Z,61.4403,-146.469,32.3, 1.3,ml,,,,0.89,ak,ak019c6jnfon,2019-09-22T17:23:47.196Z,"35km N of Valdez, Alaska",earthquake,,0.2,,,automatic,ak,ak                                                                         
2019-09-22T17:12:08.740Z,49.3136666666667,-120.646166666667,-1.5,2.45,ml,12,168,,0.42,uw,uw61551802,2019-09-22T21:46:02.520Z,"18km SSW of Princeton, Canada",explosion,1.72,31.61,0.119111804719851,8,reviewed,uw,uw                         
2019-09-22T17:07:57.886Z,36.07443619,-98.64224243,3.720256329,1.67,ml,15,110.8442535,0.1718765795,0.4036510324,ok,ok2019spqs,2019-09-22T17:11:45.839Z,"26km SW of Fairview, Oklahoma",earthquake,3.915380863,2.670793551,,13,automatic,ok,ok 
2019-09-22T16:48:36.950Z,36.0971667,-117.9048333,3.36,1.36,ml,20,59,0.04531,0.2,ci,ci38852063,2019-09-23T13:16:00.320Z,"7km NE of Coso Junction, CA",earthquake,0.4,0.86,0.144,18,reviewed,ci,ci                                             
2019-09-22T16:29:55.462Z,-18.1626,-178.2394,563.37, 4.7,mb,,70,3.553,0.72,us,us60005lzs,2019-09-23T14:06:50.040Z,"279km N of Ndoi Island, Fiji",earthquake,8.6,8.4,0.027,399,reviewed,us,us                                                  
2019-09-22T16:18:05.010Z,35.6743333,-117.4811667,4.81,1.05,ml,17,120,0.0477,0.21,ci,ci38852023,2019-09-23T13:16:18.850Z,"12km SW of Searles Valley, CA",earthquake,0.37,0.67,0.245,9,reviewed,ci,ci                                          
2019-09-22T15:57:20.950Z,40.3035011,-124.3195038,7.17,1.76,md,7,183,0.0232,0.05,nc,nc73277860,2019-09-22T17:52:02.550Z,"4km SW of Petrolia, CA",earthquake,1.23,1.59,0.09,5,automatic,nc,nc                                                  
2019-09-22T15:47:47.342Z,61.4244,-147.4542,13.6, 2.1,ml,,,,0.81,ak,ak019c6imlz1,2019-09-22T16:02:41.995Z,"67km WNW of Valdez, Alaska",earthquake,,0.3,,,automatic,ak,ak                                                                      
2019-09-22T15:47:41.993Z,61.4108,-150.0941,35.6, 1.2,ml,,,,0.36,ak,ak019c6immqy,2019-09-22T20:06:54.219Z,"14km SSW of Big Lake, Alaska",earthquake,,0.8,,,reviewed,ak,ak                                                                     
2019-09-22T15:43:54.730Z,35.5325,-117.3961667,8.41,1.35,ml,26,55,0.02688,0.16,ci,ci38851983,2019-09-22T15:54:45.790Z,"26km S of Trona, CA",earthquake,0.26,0.48,0.171,20,automatic,ci,ci                                                     
2019-09-22T15:39:45.848Z,61.353,-150.0134,43.5, 1.1,ml,,,,0.39,ak,ak019c6ikxer,2019-09-22T16:02:41.560Z,"16km NNW of Anchorage, Alaska",earthquake,,1.1,,,automatic,ak,ak                                                                    
2019-09-22T15:35:31.277Z,51.6175,-178.384,8.9, 1.9,ml,,,,0.76,ak,ak019c6ik0ux,2019-09-22T19:56:20.367Z,"34km SSW of Tanaga Volcano, Alaska",earthquake,,0.7,,,reviewed,ak,ak                                                                 
2019-09-22T15:26:09.482Z,66.4037,-158.1804,11.1, 1.1,ml,,,,0.51,ak,ak019c6ii2ac,2019-09-22T15:30:14.672Z,"80km SW of Kobuk, Alaska",earthquake,,0.3,,,automatic,ak,ak                                                                        
2019-09-22T15:17:58.613Z,66.2852,-157.3228,0, 1.4,ml,,,,0.89,ak,ak019c6ig8nj,2019-09-22T15:28:33.934Z,"72km SSW of Kobuk, Alaska",earthquake,,0.4,,,automatic,ak,ak                                                                          
2019-09-22T15:04:09.700Z,35.7691667,-117.546,12.76,0.98,ml,11,145,0.148,0.19,ci,ci38851943,2019-09-23T13:17:20.548Z,"13km W of Searles Valley, CA",earthquake,0.66,2.04,0.197,8,reviewed,ci,ci                                               
2019-09-22T15:01:47.710Z,57.6452,-154.5572,57.5, 1.3,ml,,,,0.65,ak,ak019c6icsc3,2019-09-22T15:04:47.998Z,"36km WNW of Larsen Bay, Alaska",earthquake,,1.8,,,automatic,ak,ak                                                                  
2019-09-22T15:01:17.280Z,35.9811667,-117.7736667,5.55,1.65,ml,24,49,0.04448,0.12,ci,ci38851935,2019-09-22T15:11:34.040Z,"13km ENE of Little Lake, CA",earthquake,0.17,0.44,0.204,25,automatic,ci,ci                                          
2019-09-22T14:48:50.020Z,35.9833333,-117.7746667,5.57,1.59,ml,23,49,0.04248,0.14,ci,ci38851927,2019-09-23T13:18:18.950Z,"13km ENE of Little Lake, CA",earthquake,0.24,0.53,0.293,23,reviewed,ci,ci                                           
2019-09-22T14:38:48.200Z,61.4159,-150.0269,37.4, 1.4,ml,,,,0.48,ak,ak019c6hza9o,2019-09-22T14:43:33.712Z,"12km SSW of Big Lake, Alaska",earthquake,,0.8,,,automatic,ak,ak                                                                    
2019-09-22T14:34:24.024Z,61.59,-146.9414,40.3, 1.6,ml,,,,1.26,ak,ak019c6hydjy,2019-09-22T14:38:12.036Z,"60km NNW of Valdez, Alaska",earthquake,,0.8,,,automatic,ak,ak                                                                        
2019-09-22T14:20:53.310Z,35.525,-117.3813333,8.53,2.05,ml,31,40,0.01371,0.19,ci,ci38851895,2019-09-22T14:31:22.120Z,"27km S of Trona, CA",earthquake,0.3,0.55,0.154,25,automatic,ci,ci                                                       
2019-09-22T14:19:18.130Z,36.0803333,-117.8678333,2.35,0.96,ml,13,95,0.03863,0.14,ci,ci38851887,2019-09-23T13:18:07.607Z,"8km ENE of Coso Junction, CA",earthquake,0.32,0.37,0.231,10,reviewed,ci,ci                                          
2019-09-22T14:15:27.121Z,29.5068,141.3,49.27, 4.6,mb,,110,2.525,0.97,us,us60005lze,2019-09-22T15:16:45.040Z,"283km NNW of Chichi-shima, Japan",earthquake,10.6,7.6,0.05,120,reviewed,us,us                                                   
