 0.783327 ---------------<--=-+---
 0.841471 ---------------<--=-+----
 0.891207 ---------------<--=-+---->-
 0.932039 ---------------<--=-+---->--
 0.963558 ---------------<--=-+---->---
  0.98545 ---------------<--=-+---->----
 0.997495 ---------------<--=-+---->----
 0.999574 ---------------<--=-+---->----
 0.991665 ---------------<--=-+---->----
 0.973848 ---------------<--=-+---->---
   0.9463 ---------------<--=-+---->--
 0.909297 ---------------<--=-+---->-
 0.863209 ---------------<--=-+---->
 0.808496 ---------------<--=-+---
 0.745705 ---------------<--=-+-
 0.675463 ---------------<--=-
 0.598472 ---------------<--
 0.515501 ---------------
  0.42738 -------------
 0.334988 ----------
 0.239249 -------
  0.14112 ----
