barcat -Cs --header input/float.txt
[31m         -3[90m-[36m+[32m                  2[90m-[36m+[0m
[31m         -3[0m       
[90m     -2.449[0m       --
[90m         -2[0m       ----
[90m         -1[0m       --------[36m<[0m
[90m          0[0m       --------[36m<[0m-[36m=[0m-[36m|[0m
[90m.0000000001[0m       --------[36m<[0m-[36m=[0m-[36m|[0m
[90m      1e-10[0m       --------[36m<[0m-[36m=[0m-[36m|[0m
[90m      -1e-2[0m       --------[36m<[0m-[36m=[0m-[36m|[0m
[90m  -1234e-99[0m       --------[36m<[0m-[36m=[0m-[36m|[0m
[90m   -1e-1234[0m       --------[36m<[0m-[36m=[0m-[36m|[0m
[90m         -1[0mf-1234 --------[36m<[0m
[90m         -0[0m       --------[36m<[0m-[36m=[0m-[36m|[0m
[90m        1.0[0m.0     --------[36m<[0m-[36m=[0m-[36m|[0m-----
[32m          2[0m.      --------[36m<[0m-[36m=[0m-[36m|[0m---------
+1
[90m          1[0m-2     --------[36m<[0m-[36m=[0m-[36m|[0m-----
[90m       -2.0[0m       ----
--1
[1m-7.459[0m total in 16 values over 18 lines ([31m-3[0m min, [36m-0.47[0m avg, [32m2[0m max)
