barcat -f, --value-length=7 --minval=1.1 --maxval=1.11 -L10-30 -Cs t1912-currency_part.in
2019-09-17[90m 1.1026[0m ------
2019-09-16[90m 1.1031[0m -------
2019-09-13[90m 1.1096[0m ---------------------
2019-09-12[31m 1.0963[0m 
2019-09-11[90m 1.1003[0m -
2019-09-10[90m 1.1040[0m ---------
2019-09-09[90m 1.1033[0m -------
2019-09-06[90m 1.1027[0m ------
2019-09-05[90m 1.1058[0m -------------
2019-09-04[90m 1.1018[0m ----
2019-09-03[31m 1.0937[0m 
2019-09-02[31m 1.0968[0m 
2019-08-30[90m 1.1036[0m --------
2019-08-29[90m 1.1072[0m ----------------
2019-08-28[90m 1.1083[0m ------------------
2019-08-27[32m 1.1104[0m ----------------------
2019-08-26[32m 1.1116[0m ----------------------
2019-08-23[90m 1.1065[0m --------------
2019-08-22[90m 1.1083[0m ------------------
2019-08-21[32m 1.1104[0m ----------------------
2019-08-20[90m 1.1076[0m -----------------
23.1939 of [1m6386.7127[0m total in 5306 values over 5373 lines ([31m0.8252[0m min, [36m1.20[0m avg, [32m1.5990[0m max)
