[42m                    1[0m ---[36m<[0m---[36m+[0m[36m|[0m----[36m>[0m----
[0m    0.987688340623216[0m ---[36m<[0m---[36m+[0m[36m|[0m----[36m>[0m----
[0m    0.951056516406084[0m ---[36m<[0m---[36m+[0m[36m|[0m----[36m>[0m----
[0m    0.891006524432828[0m ---[36m<[0m---[36m+[0m[36m|[0m----[36m>[0m---
[0m    0.809016994796953[0m ---[36m<[0m---[36m+[0m[36m|[0m----[36m>[0m--
[0m    0.707106781821139[0m ---[36m<[0m---[36m+[0m[36m|[0m----[36m>[0m-
[0m    0.587785253163734[0m ---[36m<[0m---[36m+[0m[36m|[0m----[36m>[0m
[0m    0.453990500859032[0m ---[36m<[0m---[36m+[0m[36m|[0m----
[0m    0.309016995740586[0m ---[36m<[0m---[36m+[0m[36m|[0m---
[0m     0.15643446663575[0m ---[36m<[0m---[36m+[0m[36m|[0m-
[0m 1.79489673696541e-09[0m ---[36m<[0m---[36m+[0m[36m|[0m
[0m   -0.156434463090152[0m ---[36m<[0m---[36m+[0m
[0m    -0.30901699232649[0m ---[36m<[0m--
[0m   -0.453990497660503[0m ---[36m<[0m-
[0m    -0.58778525025953[0m ---[36m<[0m
[0m   -0.707106779282772[0m ---
[0m   -0.809016992686925[0m --
[0m   -0.891006522803095[0m -
[0m   -0.951056515296777[0m 
[0m   -0.987688340061649[0m 
[41m                   -1[0m 
[0m   -0.987688341184783[0m 
[0m   -0.951056517515392[0m 
[0m    -0.89100652606256[0m -
[0m   -0.809016996906981[0m --
[0m   -0.707106784359506[0m ---
[0m   -0.587785256067938[0m ---[36m<[0m
[0m   -0.453990504057562[0m ---[36m<[0m-
[0m   -0.309016999154682[0m ---[36m<[0m--
[0m   -0.156434470181346[0m ---[36m<[0m---[36m+[0m
[0m-5.38469021089623e-09[0m ---[36m<[0m---[36m+[0m[36m|[0m
[0m    0.156434459544555[0m ---[36m<[0m---[36m+[0m[36m|[0m-
[0m    0.309016988912393[0m ---[36m<[0m---[36m+[0m[36m|[0m---
[0m    0.453990494461973[0m ---[36m<[0m---[36m+[0m[36m|[0m----
[0m    0.587785247355326[0m ---[36m<[0m---[36m+[0m[36m|[0m----[36m>[0m
[0m    0.707106776744405[0m ---[36m<[0m---[36m+[0m[36m|[0m----[36m>[0m-
[0m    0.809016990576898[0m ---[36m<[0m---[36m+[0m[36m|[0m----[36m>[0m--
[0m    0.891006521173364[0m ---[36m<[0m---[36m+[0m[36m|[0m----[36m>[0m---
[0m     0.95105651418747[0m ---[36m<[0m---[36m+[0m[36m|[0m----[36m>[0m----
[0m    0.987688339500081[0m ---[36m<[0m---[36m+[0m[36m|[0m----[36m>[0m----
[42m                  1.0[0m ---[36m<[0m---[36m+[0m[36m|[0m----[36m>[0m----
[0m    0.987688341746351[0m ---[36m<[0m---[36m+[0m[36m|[0m----[36m>[0m----
[0m    0.951056518624698[0m ---[36m<[0m---[36m+[0m[36m|[0m----[36m>[0m----
[0m    0.891006527692292[0m ---[36m<[0m---[36m+[0m[36m|[0m----[36m>[0m---
[0m    0.809016999017009[0m ---[36m<[0m---[36m+[0m[36m|[0m----[36m>[0m--
[0m    0.707106786897874[0m ---[36m<[0m---[36m+[0m[36m|[0m----[36m>[0m-
[0m    0.587785258972143[0m ---[36m<[0m---[36m+[0m[36m|[0m----[36m>[0m
[0m    0.453990507256091[0m ---[36m<[0m---[36m+[0m[36m|[0m----
[0m    0.309017002568779[0m ---[36m<[0m---[36m+[0m[36m|[0m---
[0m    0.156434473726943[0m ---[36m<[0m---[36m+[0m[36m|[0m-
[0m 8.97448279664863e-09[0m ---[36m<[0m---[36m+[0m[36m|[0m
[0m   -0.156434455998958[0m ---[36m<[0m---[36m+[0m
[0m   -0.309016985498297[0m ---[36m<[0m--
[0m   -0.453990491263445[0m ---[36m<[0m-
[0m   -0.587785244451122[0m ---[36m<[0m
[0m   -0.707106774206037[0m ---
[0m    -0.80901698846687[0m --
[0m   -0.891006519543632[0m -
[0m   -0.951056513078163[0m 
[0m-0.987688338938514000[0m 
[41m     -01.000000000000[0m 
[0m   -0.987688342307918[0m 
[0m   -0.951056519734006[0m 
[0m   -0.891006529322024[0m -
[0m   -0.809017001127036[0m --
[0m   -0.707106789436241[0m ---
[0m   -0.587785261876346[0m ---[36m<[0m
[0m   -0.453990510454621[0m ---[36m<[0m-
[0m   -0.309017005982876[0m ---[36m<[0m--
[0m   -0.156434477272541[0m ---[36m<[0m---[36m+[0m
[0m-1.25642771587579e-08[0m ---[36m<[0m---[36m+[0m[36m|[0m
[0m    0.156434452453361[0m ---[36m<[0m---[36m+[0m[36m|[0m-
[0m    0.309016982084201[0m ---[36m<[0m---[36m+[0m[36m|[0m---
[0m    0.453990488064915[0m ---[36m<[0m---[36m+[0m[36m|[0m----
[0m     0.58778524154692[0m ---[36m<[0m---[36m+[0m[36m|[0m----[36m>[0m
[0m     0.70710677166767[0m ---[36m<[0m---[36m+[0m[36m|[0m----[36m>[0m-
[0m    0.809016986356842[0m ---[36m<[0m---[36m+[0m[36m|[0m----[36m>[0m--
[0m    0.891006517913899[0m ---[36m<[0m---[36m+[0m[36m|[0m----[36m>[0m---
[0m    0.951056511968855[0m ---[36m<[0m---[36m+[0m[36m|[0m----[36m>[0m----
[0m    0.987688338376946[0m ---[36m<[0m---[36m+[0m[36m|[0m----[36m>[0m----
