barcat -C --palette= input/sinewaves.txt
                    1 ---[36m<[0m----[36m|[0m----[36m>[0m----
    0.987688340623216 ---[36m<[0m----[36m|[0m----[36m>[0m----
    0.951056516406084 ---[36m<[0m----[36m|[0m----[36m>[0m----
    0.891006524432828 ---[36m<[0m----[36m|[0m----[36m>[0m---
    0.809016994796953 ---[36m<[0m----[36m|[0m----[36m>[0m--
    0.707106781821139 ---[36m<[0m----[36m|[0m----[36m>[0m-
    0.587785253163734 ---[36m<[0m----[36m|[0m----[36m>[0m
    0.453990500859032 ---[36m<[0m----[36m|[0m----
    0.309016995740586 ---[36m<[0m----[36m|[0m---
     0.15643446663575 ---[36m<[0m----[36m|[0m-
 1.79489673696541e-09 ---[36m<[0m----[36m|[0m
   -0.156434463090152 ---[36m<[0m----
    -0.30901699232649 ---[36m<[0m--
   -0.453990497660503 ---[36m<[0m-
    -0.58778525025953 ---[36m<[0m
   -0.707106779282772 ---
   -0.809016992686925 --
   -0.891006522803095 -
   -0.951056515296777 
   -0.987688340061649 
                   -1 
   -0.987688341184783 
   -0.951056517515392 
    -0.89100652606256 -
   -0.809016996906981 --
   -0.707106784359506 ---
   -0.587785256067938 ---[36m<[0m
   -0.453990504057562 ---[36m<[0m-
   -0.309016999154682 ---[36m<[0m--
   -0.156434470181346 ---[36m<[0m----
-5.38469021089623e-09 ---[36m<[0m----[36m|[0m
    0.156434459544555 ---[36m<[0m----[36m|[0m-
    0.309016988912393 ---[36m<[0m----[36m|[0m---
    0.453990494461973 ---[36m<[0m----[36m|[0m----
    0.587785247355326 ---[36m<[0m----[36m|[0m----[36m>[0m
    0.707106776744405 ---[36m<[0m----[36m|[0m----[36m>[0m-
    0.809016990576898 ---[36m<[0m----[36m|[0m----[36m>[0m--
    0.891006521173364 ---[36m<[0m----[36m|[0m----[36m>[0m---
     0.95105651418747 ---[36m<[0m----[36m|[0m----[36m>[0m----
    0.987688339500081 ---[36m<[0m----[36m|[0m----[36m>[0m----
                  1.0 ---[36m<[0m----[36m|[0m----[36m>[0m----
    0.987688341746351 ---[36m<[0m----[36m|[0m----[36m>[0m----
    0.951056518624698 ---[36m<[0m----[36m|[0m----[36m>[0m----
    0.891006527692292 ---[36m<[0m----[36m|[0m----[36m>[0m---
    0.809016999017009 ---[36m<[0m----[36m|[0m----[36m>[0m--
    0.707106786897874 ---[36m<[0m----[36m|[0m----[36m>[0m-
    0.587785258972143 ---[36m<[0m----[36m|[0m----[36m>[0m
    0.453990507256091 ---[36m<[0m----[36m|[0m----
    0.309017002568779 ---[36m<[0m----[36m|[0m---
    0.156434473726943 ---[36m<[0m----[36m|[0m-
 8.97448279664863e-09 ---[36m<[0m----[36m|[0m
   -0.156434455998958 ---[36m<[0m----
   -0.309016985498297 ---[36m<[0m--
   -0.453990491263445 ---[36m<[0m-
   -0.587785244451122 ---[36m<[0m
   -0.707106774206037 ---
    -0.80901698846687 --
   -0.891006519543632 -
   -0.951056513078163 
-0.987688338938514000 
     -01.000000000000 
   -0.987688342307918 
   -0.951056519734006 
   -0.891006529322024 -
   -0.809017001127036 --
   -0.707106789436241 ---
   -0.587785261876346 ---[36m<[0m
   -0.453990510454621 ---[36m<[0m-
   -0.309017005982876 ---[36m<[0m--
   -0.156434477272541 ---[36m<[0m----
-1.25642771587579e-08 ---[36m<[0m----[36m|[0m
    0.156434452453361 ---[36m<[0m----[36m|[0m-
    0.309016982084201 ---[36m<[0m----[36m|[0m---
    0.453990488064915 ---[36m<[0m----[36m|[0m----
     0.58778524154692 ---[36m<[0m----[36m|[0m----[36m>[0m
     0.70710677166767 ---[36m<[0m----[36m|[0m----[36m>[0m-
    0.809016986356842 ---[36m<[0m----[36m|[0m----[36m>[0m--
    0.891006517913899 ---[36m<[0m----[36m|[0m----[36m>[0m---
    0.951056511968855 ---[36m<[0m----[36m|[0m----[36m>[0m----
    0.987688338376946 ---[36m<[0m----[36m|[0m----[36m>[0m----
